20.,  8.0E-7,  2.0E-2,  0.25, 0.005
    0.5201    0.2676   0.02
    0.5199    0.2224   0.02
    0.5201    0.1942   0.02
    0.5142    0.1751   0.02
    0.4917    0.1452   0.02
    0.4707    0.1223   0.02
    0.4324    0.1125   0.018
    0.3782    0.1078   0.018
    0.3103    0.0884   0.016
    0.2435    0.0785   0.016
    0.1994    0.0777   0.014
    0.1582    0.0702   0.014
    0.1144    0.0710   0.012
    0.0905    0.0599   0.012
    0.0659    0.0510   0.01
    0.0602    0.0408   0.01
    0.0508    0.0399   0.01
    0.0498    0.0314   0.01
    0.0501    0.0205   0.01
    0.0500    0.0199   0.01
    0.0500    0.0200   0.01
    0.0500    0.0200   0.01
    0.0500    0.0200   0.01
