\BOOKMARK [0][-]{chapter.1}{\376\377\000O\000v\000e\000r\000v\000i\000e\000w}{}% 1
\BOOKMARK [1][-]{section.1.1}{\376\377\000I\000n\000t\000r\000o\000d\000u\000c\000t\000i\000o\000n}{chapter.1}% 2
\BOOKMARK [1][-]{section.1.2}{\376\377\000I\000l\000l\000u\000s\000t\000r\000a\000t\000i\000o\000n\000s\000\040\000o\000f\000\040\000t\000h\000e\000\040\000m\000o\000d\000e\000l\000\040\000i\000n\000\040\000a\000c\000t\000i\000o\000n}{chapter.1}% 3
\BOOKMARK [2][-]{subsection.1.2.1}{\376\377\000C\000o\000n\000v\000e\000c\000t\000i\000o\000n\000\040\000a\000n\000d\000\040\000m\000i\000x\000i\000n\000g\000\040\000o\000v\000e\000r\000\040\000t\000o\000p\000o\000g\000r\000a\000p\000h\000y}{section.1.2}% 4
\BOOKMARK [2][-]{subsection.1.2.2}{\376\377\000B\000o\000u\000n\000d\000a\000r\000y\000\040\000f\000o\000r\000c\000e\000d\000\040\000i\000n\000t\000e\000r\000n\000a\000l\000\040\000w\000a\000v\000e\000s}{section.1.2}% 5
\BOOKMARK [0][-]{chapter.2}{\376\377\000P\000h\000y\000s\000i\000c\000a\000l\000\040\000P\000a\000r\000a\000m\000e\000t\000e\000r\000i\000z\000a\000t\000i\000o\000n\000s\000\040\000-\000\040\000P\000a\000c\000k\000a\000g\000e\000s\000\040\000I}{}% 6
\BOOKMARK [1][-]{section.2.1}{\376\377\000P\000a\000c\000k\000a\000g\000e\000s\000\040\000R\000e\000l\000a\000t\000e\000d\000\040\000t\000o\000\040\000H\000y\000d\000r\000o\000d\000y\000n\000a\000m\000i\000c\000a\000l\000\040\000K\000e\000r\000n\000e\000l}{chapter.2}% 7
\BOOKMARK [1][-]{section.2.2}{\376\377\000G\000e\000n\000e\000r\000a\000l\000\040\000p\000u\000r\000p\000o\000s\000e\000\040\000n\000u\000m\000e\000r\000i\000c\000a\000l\000\040\000i\000n\000f\000r\000a\000s\000t\000r\000u\000c\000t\000u\000r\000e\000\040\000p\000a\000c\000k\000a\000g\000e\000s}{chapter.2}% 8
\BOOKMARK [2][-]{subsection.2.2.1}{\376\377\000O\000B\000C\000S\000:\000\040\000O\000p\000e\000n\000\040\000b\000o\000u\000n\000d\000a\000r\000y\000\040\000c\000o\000n\000d\000i\000t\000i\000o\000n\000s\000\040\000f\000o\000r\000\040\000r\000e\000g\000i\000o\000n\000a\000l\000\040\000m\000o\000d\000e\000l\000i\000n\000g}{section.2.2}% 9
\BOOKMARK [3][-]{subsubsection.2.2.1.1}{\376\377\000I\000n\000t\000r\000o\000d\000u\000c\000t\000i\000o\000n}{subsection.2.2.1}% 10
\BOOKMARK [3][-]{subsubsection.2.2.1.2}{\376\377\000O\000B\000C\000S\000\040\000c\000o\000n\000f\000i\000g\000u\000r\000a\000t\000i\000o\000n\000\040\000a\000n\000d\000\040\000c\000o\000m\000p\000i\000l\000i\000n\000g}{subsection.2.2.1}% 11
\BOOKMARK [3][-]{subsubsection.2.2.1.3}{\376\377\000R\000u\000n\000-\000t\000i\000m\000e\000\040\000p\000a\000r\000a\000m\000e\000t\000e\000r\000s}{subsection.2.2.1}% 12
\BOOKMARK [2][-]{subsection.2.2.2}{\376\377\000E\000q\000u\000a\000t\000i\000o\000n\000s\000\040\000a\000n\000d\000\040\000k\000e\000y\000\040\000r\000o\000u\000t\000i\000n\000e\000s}{section.2.2}% 13
\BOOKMARK [1][-]{section.2.3}{\376\377\000O\000c\000e\000a\000n\000\040\000P\000a\000c\000k\000a\000g\000e\000s}{chapter.2}% 14
\BOOKMARK [0][-]{chapter.3}{\376\377\000G\000e\000t\000t\000i\000n\000g\000\040\000S\000t\000a\000r\000t\000e\000d\000\040\000w\000i\000t\000h\000\040\000M\000I\000T\000g\000c\000m}{}% 15
\BOOKMARK [1][-]{section.3.1}{\376\377\000W\000h\000e\000r\000e\000\040\000t\000o\000\040\000f\000i\000n\000d\000\040\000i\000n\000f\000o\000r\000m\000a\000t\000i\000o\000n}{chapter.3}% 16
\BOOKMARK [0][-]{chapter.4}{\376\377\000M\000I\000T\000g\000c\000m\000\040\000E\000x\000a\000m\000p\000l\000e\000\040\000E\000x\000p\000e\000r\000i\000m\000e\000n\000t\000s}{}% 17
\BOOKMARK [1][-]{section.4.1}{\376\377\000B\000a\000r\000o\000t\000r\000o\000p\000i\000c\000\040\000G\000y\000r\000e\000\040\000M\000I\000T\000g\000c\000m\000\040\000E\000x\000a\000m\000p\000l\000e}{chapter.4}% 18
\BOOKMARK [2][-]{subsection.4.1.1}{\376\377\000E\000q\000u\000a\000t\000i\000o\000n\000s\000\040\000S\000o\000l\000v\000e\000d}{section.4.1}% 19
\BOOKMARK [2][-]{subsection.4.1.2}{\376\377\000C\000o\000d\000e\000\040\000C\000o\000n\000f\000i\000g\000u\000r\000a\000t\000i\000o\000n}{section.4.1}% 20
\BOOKMARK [0][-]{chapter*.20}{\376\377\000B\000i\000b\000l\000i\000o\000g\000r\000a\000p\000h\000y}{}% 21
